<?xml version="1.0" encoding="UTF-8"?>
<!-- Generated by org.testng.reporters.JUnitXMLReporter -->
<testsuite hostname="DESKTOP-35IMPH5" ignored="0" name="mukit" tests="4" failures="0" timestamp="2022-04-20T15:48:18 EDT" time="0.167" errors="0">
  <testcase name="@BeforeClass setUp" time="-1.650484098801E9" classname="orangeHrmPom.TestingLogIn">
    <failure type="org.testng.TestNGException" message="
Parameter &amp;apos;browser&amp;apos; is required by BeforeClass on method setUp but has not been marked @Optional or defined
in C:\Users\Rozy Kabir\eclipse-workspace\orangeHrmPom\parellalTest.xml">
      <![CDATA[org.testng.TestNGException: 
Parameter 'browser' is required by BeforeClass on method setUp but has not been marked @Optional or defined
in C:\Users\Rozy Kabir\eclipse-workspace\orangeHrmPom\parellalTest.xml
at java.util.ArrayList.forEach(Unknown Source)
at java.util.concurrent.FutureTask.run(Unknown Source)
at java.util.concurrent.ThreadPoolExecutor.runWorker(Unknown Source)
at java.util.concurrent.ThreadPoolExecutor$Worker.run(Unknown Source)
at java.lang.Thread.run(Unknown Source)
... Removed 13 stack frames]]>
    </failure>
  </testcase> <!-- @BeforeClass setUp -->
  <testcase name="@BeforeClass setUp" time="-1.650484098801E9" classname="orangeHrmPom.TestingLogIn">
    <failure type="org.testng.TestNGException" message="
Parameter &amp;apos;browser&amp;apos; is required by BeforeClass on method setUp but has not been marked @Optional or defined
in C:\Users\Rozy Kabir\eclipse-workspace\orangeHrmPom\parellalTest.xml">
      <![CDATA[org.testng.TestNGException: 
Parameter 'browser' is required by BeforeClass on method setUp but has not been marked @Optional or defined
in C:\Users\Rozy Kabir\eclipse-workspace\orangeHrmPom\parellalTest.xml
at java.util.ArrayList.forEach(Unknown Source)
at java.util.concurrent.FutureTask.run(Unknown Source)
at java.util.concurrent.ThreadPoolExecutor.runWorker(Unknown Source)
at java.util.concurrent.ThreadPoolExecutor$Worker.run(Unknown Source)
at java.lang.Thread.run(Unknown Source)
... Removed 13 stack frames]]>
    </failure>
  </testcase> <!-- @BeforeClass setUp -->
  <testcase name="@AfterTest closeBorser" time="-1.650484098901E9" classname="orangeHrmPom.TestingLogIn">
    <skipped/>
  </testcase> <!-- @AfterTest closeBorser -->
  <testcase name="@AfterTest closeBorser" time="-1.650484098901E9" classname="orangeHrmPom.TestingLogIn">
    <skipped/>
  </testcase> <!-- @AfterTest closeBorser -->
  <testcase name="logIn" time="0.0" classname="orangeHrmPom.TestingLogIn">
    <skipped/>
  </testcase> <!-- logIn -->
  <testcase name="checkInfo" time="0.0" classname="orangeHrmPom.TestingLogIn">
    <skipped/>
  </testcase> <!-- checkInfo -->
  <testcase name="adminpage" time="0.0" classname="orangeHrmPom.TestingLogIn">
    <skipped/>
  </testcase> <!-- adminpage -->
  <testcase name="logOut" time="0.0" classname="orangeHrmPom.TestingLogIn">
    <skipped/>
  </testcase> <!-- logOut -->
</testsuite> <!-- mukit -->
